<?xml version="1.0" encoding="UTF-8"?>
<!-- Generated by org.testng.reporters.JUnitReportReporter -->
<testsuite skipped="0" hostname="DESKTOP-4UBEI9K" name="RegistrationProcessTest" tests="2" failures="0" timestamp="06 Jun 2018 14:07:42 GMT" time="19.708" errors="0">
  <testcase name="homePageTest" time="1.167" classname="RegistrationProcessTest"/>
  <testcase name="homePageTest" time="18.541" classname="RegistrationProcessTest"/>
</testsuite> <!-- RegistrationProcessTest -->
