<?xml version="1.0" encoding="UTF-8"?>
<!-- Generated by org.testng.reporters.JUnitReportReporter -->
<testsuite skipped="0" hostname="DESKTOP-4UBEI9K" name="RegistrationProcessTest" tests="2" failures="0" timestamp="06 Jun 2018 12:16:43 GMT" time="6.240" errors="0">
  <testcase name="homePageTest" time="5.762" classname="RegistrationProcessTest"/>
  <testcase name="homePageTest" time="0.478" classname="RegistrationProcessTest"/>
</testsuite> <!-- RegistrationProcessTest -->
