<?xml version="1.0" encoding="UTF-8"?>
<!-- Generated by org.testng.reporters.JUnitReportReporter -->
<testsuite skipped="0" hostname="DESKTOP-TS9ALRR" name="RegistrationProcessTest" tests="2" failures="0" timestamp="06 Jun 2018 16:45:10 GMT" time="4.241" errors="0">
  <testcase name="homePageTest" time="1.632" classname="RegistrationProcessTest"/>
  <testcase name="homePageTest" time="2.609" classname="RegistrationProcessTest"/>
</testsuite> <!-- RegistrationProcessTest -->
